<?xml version="1.0" encoding="UTF-8"?>
<!-- Generated by org.testng.reporters.JUnitReportReporter -->
<testsuite hostname="DESKTOP-VRBAL0D" failures="0" tests="1" name="com.testcases.ParallelTest" time="0.020" errors="0" timestamp="2022-09-13T11:35:35 IST" skipped="0">
  <testcase classname="com.testcases.ParallelTest" name="m1" time="0.020"/>
  <system-out/>
</testsuite> <!-- com.testcases.ParallelTest -->
