<?xml version="1.0" encoding="UTF-8"?>
<!-- Generated by org.testng.reporters.JUnitReportReporter -->
<testsuite hostname="DESKTOP-VRBAL0D" failures="0" tests="5" name="com.testcases.HomePage" time="0.113" errors="0" timestamp="2022-09-13T11:33:01 IST" skipped="0">
  <testcase classname="com.testcases.HomePage" name="tc1" time="0.001"/>
  <system-out/>
  <testcase classname="com.testcases.HomePage" name="tc1" time="0.032"/>
  <system-out/>
  <testcase classname="com.testcases.HomePage" name="tc3" time="0.048"/>
  <system-out/>
  <testcase classname="com.testcases.HomePage" name="tc2" time="0.032"/>
  <system-out/>
  <testcase classname="com.testcases.HomePage" name="tc1" time="0.000"/>
  <system-out/>
</testsuite> <!-- com.testcases.HomePage -->
