<?xml version="1.0" encoding="UTF-8"?>
<!-- Generated by org.testng.reporters.JUnitReportReporter -->
<testsuite hostname="DESKTOP-VRBAL0D" failures="0" tests="2" name="com.testcases.Login" time="107.354" errors="0" timestamp="2022-09-13T11:49:54 IST" skipped="1">
  <testcase classname="com.testcases.Login" name="validateTitleTC" time="107.354"/>
  <system-out/>
  <testcase classname="com.testcases.Login" name="validateLoginTC">
    <skipped/>
  </testcase> <!-- validateLoginTC -->
  <system-out/>
</testsuite> <!-- com.testcases.Login -->
