<?xml version="1.0" encoding="UTF-8"?>
<!-- Generated by org.testng.reporters.JUnitReportReporter -->
<testsuite hostname="DESKTOP-VRBAL0D" failures="0" tests="3" name="com.testcases.LoginWithDataProvider" time="0.009" errors="0" timestamp="2022-09-13T11:05:44 IST" skipped="0">
  <testcase classname="com.testcases.LoginWithDataProvider" name="validateLoginTC" time="0.006"/>
  <system-out/>
  <testcase classname="com.testcases.LoginWithDataProvider" name="validateLoginTC" time="0.002"/>
  <system-out/>
  <testcase classname="com.testcases.LoginWithDataProvider" name="validateLoginTC" time="0.001"/>
  <system-out/>
</testsuite> <!-- com.testcases.LoginWithDataProvider -->
